 
****************************************
Report : area
Design : p4_adder_1
Version: S-2021.06-SP4
Date   : Thu Apr 20 18:05:09 2023
****************************************

Library(s) Used:

    NangateOpenCellLibrary (File: /home/mariagrazia.graziano/do/libnangate/NangateOpenCellLibrary_typical_ecsm.db)

Number of ports:                         1194
Number of nets:                          1678
Number of cells:                          661
Number of combinational cells:            518
Number of sequential cells:                 0
Number of macros/black boxes:               0
Number of buf/inv:                        150
Number of references:                       3

Combinational area:                581.741998
Buf/Inv area:                       82.726001
Noncombinational area:               0.000000
Macro/Black Box area:                0.000000
Net Interconnect area:      undefined  (Wire load has zero net area)

Total cell area:                   581.741998
Total area:                 undefined
1
