 
****************************************
Report : timing
        -path full
        -delay max
        -max_paths 1
Design : p4_adder
Version: S-2021.06-SP4
Date   : Thu Apr 20 17:13:08 2023
****************************************

Operating Conditions: typical   Library: NangateOpenCellLibrary
Wire Load Model Mode: top

  Startpoint: A[5] (input port)
  Endpoint: S[24] (output port)
  Path Group: default
  Path Type: max

  Des/Clust/Port     Wire Load Model       Library
  ------------------------------------------------
  p4_adder           5K_hvratio_1_1        NangateOpenCellLibrary

  Point                                                   Incr       Path
  --------------------------------------------------------------------------
  input external delay                                    0.00       0.00 r
  A[5] (in)                                               0.00       0.00 r
  carry/A[5] (carry_generator_NBIT_PER_BLOCK4_NBIT32)     0.00       0.00 r
  carry/U7/ZN (INV_X1)                                    0.03       0.03 f
  carry/U3/ZN (NAND2_X1)                                  0.02       0.05 r
  carry/U5/ZN (NAND2_X1)                                  0.03       0.08 f
  carry/carry_logic/Pin[6] (pstlaa_NBIT_PER_BLOCK4_NBIT32)
                                                          0.00       0.08 f
  carry/carry_logic/pg_inst_1_6/Pik (pg_block_26)         0.00       0.08 f
  carry/carry_logic/pg_inst_1_6/U2/ZN (AOI21_X1)          0.04       0.12 r
  carry/carry_logic/pg_inst_1_6/U4/ZN (INV_X1)            0.02       0.14 f
  carry/carry_logic/pg_inst_1_6/Gij (pg_block_26)         0.00       0.14 f
  carry/carry_logic/pg_inst_2_8/Gkj (pg_block_12)         0.00       0.14 f
  carry/carry_logic/pg_inst_2_8/U3/ZN (NOR2_X1)           0.04       0.18 r
  carry/carry_logic/pg_inst_2_8/U4/ZN (NOR2_X1)           0.02       0.20 f
  carry/carry_logic/pg_inst_2_8/Gij (pg_block_12)         0.00       0.20 f
  carry/carry_logic/g_inst_3_8/Gik (g_block_7)            0.00       0.20 f
  carry/carry_logic/g_inst_3_8/U1/ZN (AOI21_X1)           0.05       0.25 r
  carry/carry_logic/g_inst_3_8/U2/ZN (INV_X1)             0.02       0.28 f
  carry/carry_logic/g_inst_3_8/Gij (g_block_7)            0.00       0.28 f
  carry/carry_logic/g_inst_4_16/Gkj (g_block_5)           0.00       0.28 f
  carry/carry_logic/g_inst_4_16/U1/ZN (AOI21_X1)          0.04       0.32 r
  carry/carry_logic/g_inst_4_16/U2/ZN (INV_X1)            0.03       0.35 f
  carry/carry_logic/g_inst_4_16/Gij (g_block_5)           0.00       0.35 f
  carry/carry_logic/g_inst_5_24/Gkj (g_block_3)           0.00       0.35 f
  carry/carry_logic/g_inst_5_24/U1/ZN (AOI21_X1)          0.05       0.40 r
  carry/carry_logic/g_inst_5_24/U2/ZN (INV_X1)            0.03       0.43 f
  carry/carry_logic/g_inst_5_24/Gij (g_block_3)           0.00       0.43 f
  carry/carry_logic/Gout[6] (pstlaa_NBIT_PER_BLOCK4_NBIT32)
                                                          0.00       0.43 f
  carry/Co[6] (carry_generator_NBIT_PER_BLOCK4_NBIT32)
                                                          0.00       0.43 f
  sum/Ci[6] (sum_generator_NBIT_PER_BLOCK4_NBLOCKS8)      0.00       0.43 f
  sum/CSB_7/Cin (carry_select_block_NBIT4_2)              0.00       0.43 f
  sum/CSB_7/U3/Z (MUX2_X1)                                0.06       0.50 r
  sum/CSB_7/S[0] (carry_select_block_NBIT4_2)             0.00       0.50 r
  sum/S[24] (sum_generator_NBIT_PER_BLOCK4_NBLOCKS8)      0.00       0.50 r
  S[24] (out)                                             0.00       0.50 r
  data arrival time                                                  0.50

  max_delay                                               0.50       0.50
  output external delay                                   0.00       0.50
  data required time                                                 0.50
  --------------------------------------------------------------------------
  data required time                                                 0.50
  data arrival time                                                 -0.50
  --------------------------------------------------------------------------
  slack (MET)                                                        0.00


1
