 
****************************************
Report : area
Design : p4_adder
Version: S-2021.06-SP4
Date   : Thu Apr 20 17:56:49 2023
****************************************

Library(s) Used:

    NangateOpenCellLibrary (File: /home/mariagrazia.graziano/do/libnangate/NangateOpenCellLibrary_typical_ecsm.db)

Number of ports:                         1194
Number of nets:                          1614
Number of cells:                          597
Number of combinational cells:            454
Number of sequential cells:                 0
Number of macros/black boxes:               0
Number of buf/inv:                        102
Number of references:                       2

Combinational area:                556.471997
Buf/Inv area:                       54.264001
Noncombinational area:               0.000000
Macro/Black Box area:                0.000000
Net Interconnect area:      undefined  (Wire load has zero net area)

Total cell area:                   556.471997
Total area:                 undefined
1
